(---------------------------------------------------------------------)
(                                                                     )
(    Auto-interactive Convert Corner - Aicc                           )
(                                                                     )
(    Drawing          : temp.brd                                      )
(    Software Version : 22.1P001                                      )
(    Date/Time        : Thu Jan 15 11:46:05 2026                      )
(                                                                     )
(---------------------------------------------------------------------)


CommandStart AiCC ************************************************************

Convert Corner Parameters:
Convert Type:           ARC
Allow in cns areas:     Yes
Preferred Radius Size:  5x Line Width
Min Radius Size:        1x Line Width
Allow DRCs:             No

Result: 22 of 40 failed to convert

Cline vertex:xy (6.5756 -15.1400)	subclass: TOP	net_name: GND 
Cline vertex:xy (6.5656 -15.1500)	subclass: TOP	net_name: GND 
Cline vertex:xy (4.6000 -13.5000)	subclass: TOP	net_name: GND 
Cline vertex:xy (8.3721 -6.0279)	subclass: BOTTOM	net_name: GND 
Cline vertex:xy (8.1100 -6.2900)	subclass: BOTTOM	net_name: GND 
Cline vertex:xy (8.9121 -6.0300)	subclass: BOTTOM	net_name: GND 
Cline vertex:xy (14.7818 -6.0318)	subclass: BOTTOM	net_name: GND 
Cline vertex:xy (14.5082 -6.0300)	subclass: BOTTOM	net_name: GND 
Cline vertex:xy (15.3100 -5.7600)	subclass: BOTTOM	net_name: GND 
Cline vertex:xy (15.5200 -3.6000)	subclass: BOTTOM	net_name: GND 
Cline vertex:xy (14.1100 -3.9200)	subclass: BOTTOM	net_name: GND 
Cline vertex:xy (14.4200 -3.6100)	subclass: BOTTOM	net_name: GND 
Cline vertex:xy (16.5100 -4.0000)	subclass: BOTTOM	net_name: GND 
Cline vertex:xy (15.3100 -3.8100)	subclass: BOTTOM	net_name: GND 
Cline vertex:xy (16.5100 -8.2594)	subclass: BOTTOM	net_name: GND 
Cline vertex:xy (16.4800 -8.2894)	subclass: BOTTOM	net_name: GND 
Cline vertex:xy (7.7100 -3.7400)	subclass: BOTTOM	net_name: GND 
Cline vertex:xy (6.5100 -3.9500)	subclass: BOTTOM	net_name: GND 
Cline vertex:xy (6.3500 -8.8700)	subclass: BOTTOM	net_name: GND 
Cline vertex:xy (6.9100 -8.3100)	subclass: BOTTOM	net_name: GND 
Cline vertex:xy (6.1100 -8.2695)	subclass: BOTTOM	net_name: GND 
Cline vertex:xy (5.2000 -8.8800)	subclass: BOTTOM	net_name: GND 

CommandEnd AiCC **************************************************************
