(---------------------------------------------------------------------)
(                                                                     )
(    Allegro Netrev Import Logic                                      )
(                                                                     )
(    Drawing          : Hirose7039_A12.brd                            )
(    Software Version : 22.1P001                                      )
(    Date/Time        : Wed Jan 14 17:56:41 2026                      )
(                                                                     )
(---------------------------------------------------------------------)


------ Directives ------------

Ripup etch:                  No
Ripup delete first segment:  No
Ripup retain bondwire:       No
Ripup symbols:               Always
Missing symbol has error:    No
DRC update:                  Yes
Schematic directory:         'F:/MyJob/Hirose70239/Schematic/Netlist'
Design Directory:            'F:/MyJob/Hirose70239/PCB'
Old design name:             'F:/MyJob/Hirose70239/PCB/Hirose7039_A12.brd'
New design name:             'F:/MyJob/Hirose70239/PCB/Hirose7039_A12.brd'

CmdLine: netrev -$ -i F:/MyJob/Hirose70239/Schematic/Netlist -y 1 -h -q netrev_constraint_report.xml F:/MyJob/Hirose70239/PCB/#Taaaaoy06220.tmp

------ Preparing to read pst files ------

Starting to read F:/MyJob/Hirose70239/Schematic/Netlist/pstchip.dat 
   Finished reading F:/MyJob/Hirose70239/Schematic/Netlist/pstchip.dat (00:00:00.01)
Starting to read F:/MyJob/Hirose70239/Schematic/Netlist/pstxprt.dat 
   Finished reading F:/MyJob/Hirose70239/Schematic/Netlist/pstxprt.dat (00:00:00.00)
Starting to read F:/MyJob/Hirose70239/Schematic/Netlist/pstxnet.dat 
   Finished reading F:/MyJob/Hirose70239/Schematic/Netlist/pstxnet.dat (00:00:00.00)

------ Oversights/Warnings/Errors ------


------ Library Paths ------
MODULEPATH =  . 
           C:/Cadence/SPB_22.1/share/local/pcb/modules 

PSMPATH =  . 
           symbols 
           .. 
           ../symbols 
           C:/Cadence/SPB_22.1/share/local/pcb/symbols 
           C:/Cadence/SPB_22.1/share/pcb/pcb_lib/symbols 
           C:/Cadence/SPB_22.1/share/pcb/allegrolib/symbols 
           F:/MyJob/AllegroPCBFootprints/psm 
           F:/MyJob/AllegroPCBFootprints/mechanical 

PADPATH =  . 
           symbols 
           .. 
           ../symbols 
           C:/Cadence/SPB_22.1/share/local/pcb/padstacks 
           C:/Cadence/SPB_22.1/share/pcb/pcb_lib/symbols 
           C:/Cadence/SPB_22.1/share/pcb/allegrolib/symbols 
           F:/MyJob/AllegroPCBFootprints/pad 
           F:/MyJob/AllegroPCBFootprints/via 
           F:/MyJob/AllegroPCBFootprints/psm 
           F:/MyJob/AllegroPCBFootprints/mechanical 


------ Summary Statistics ------


netrev run on Jan 14 17:56:41 2026
   DESIGN NAME : 'HIROSE70239'
   PACKAGING ON Oct  6 2022 20:42:06

   COMPILE 'logic'
   CHECK_PIN_NAMES OFF
   CROSS_REFERENCE OFF
   FEEDBACK OFF
   INCREMENTAL OFF
   INTERFACE_TYPE PHYSICAL
   MAX_ERRORS 500
   MERGE_MINIMUM 5
   NET_NAME_CHARS '#%&()*+-./:=>?@[]^_`|'
   NET_NAME_LENGTH 24
   OVERSIGHTS ON
   REPLACE_CHECK OFF
   SINGLE_NODE_NETS ON
   SPLIT_MINIMUM 0
   SUPPRESS   20
   WARNINGS ON

 No error detected
 No oversight detected
 No warning detected

cpu time      0:00:26
elapsed time  0:00:01

