Wed Jan 14 17:21:29 2026				Page     1


 
Update Symbols/Modules Logfile
	Wed Jan 14 17:21:29 2026

------ Module Refresh Messages ------

SUMMARY:    Updated 0 out of 0 modules

------ End Module Messages     ------



(---------------------------------------------------------------------)
(                                                                     )
(    Refresh Symbol                                                   )
(                                                                     )
(    Drawing          : Hirose7039_A12.brd                            )
(    Software Version : 22.1P001                                      )
(    Date/Time        : Wed Jan 14 17:21:30 2026                      )
(                                                                     )
(---------------------------------------------------------------------)


Wed Jan 14 17:21:30 2026				Page     1


------ Symbol Refresh Directives ------

Input design  = 'F:/MyJob/Hirose70239/PCB/Hirose7039_A12.brd'
Output design = ''

Update mechanical symbols              = 'NO'
Update format symbols                  = 'NO'
Update package symbols                 = 'NO'
Update shape/flash symbols             = 'NO'
Update symbol padstacks                = 'NO'
Preserve padstacks replaced on pins    = 'NO'
Reset symbol text and size locations   = 'NO'
Reset Pin Escapes (fanouts)            = 'NO'
Ripup Etch                             = 'NO'
Reset custom drill data                = 'NO'
Symbol list file                       = 'C:/Users/SNIPER/AppData/Local/Temp/#Taaaabs06220.tmp'


------ Library Paths ------
PSMPATH =  . 
           symbols 
           .. 
           ../symbols 
           C:/Cadence/SPB_22.1/share/local/pcb/symbols 
           C:/Cadence/SPB_22.1/share/pcb/pcb_lib/symbols 
           C:/Cadence/SPB_22.1/share/pcb/allegrolib/symbols 
           F:/MyJob/AllegroPCBFootprints/psm 
           F:/MyJob/AllegroPCBFootprints/mechanical 

PADPATH =  . 
           symbols 
           .. 
           ../symbols 
           C:/Cadence/SPB_22.1/share/local/pcb/padstacks 
           C:/Cadence/SPB_22.1/share/pcb/pcb_lib/symbols 
           C:/Cadence/SPB_22.1/share/pcb/allegrolib/symbols 
           F:/MyJob/AllegroPCBFootprints/pad 
           F:/MyJob/AllegroPCBFootprints/via 
           F:/MyJob/AllegroPCBFootprints/psm 
           F:/MyJob/AllegroPCBFootprints/mechanical 


------ Symbol Refresh Messages ------

'FH35C-39S-0D3SHW'  symbol refreshed successfully.


----- Symbol Update Summary ----

Updated symbols: 1 out 1
    Design updated.

